<?xml version="1.0" encoding="UTF-8"?>
<!-- Generated by org.testng.reporters.JUnitReportReporter -->
<testsuite hostname="LIN65006162" failures="0" tests="1" name="com.demo.project.MagicBricks.AppTest" time="37.332" errors="0" timestamp="2023-11-27T17:04:09 IST" skipped="0">
  <testcase classname="com.demo.project.MagicBricks.AppTest" name="runScenario" time="37.332"/>
</testsuite> <!-- com.demo.project.MagicBricks.AppTest -->
